<?xml version="1.0" encoding="UTF-8"?>
<!-- Generated by org.testng.reporters.JUnitReportReporter -->
<testsuite hostname="DESKTOP-6D8D7QH" failures="0" tests="9" name="Marah.Admin.TestCases.UsersTest" time="5.976" errors="1" timestamp="2021-07-26T01:42:57 EET" skipped="8">
  <testcase classname="Marah.Admin.TestCases.UsersTest" name="webDriver" time="5.976">
    <error message="&#039;java.util.stream.Collector com.google.common.collect.ImmutableList.toImmutableList()&#039;" type="java.lang.NoSuchMethodError">
      <![CDATA[java.lang.NoSuchMethodError: 'java.util.stream.Collector com.google.common.collect.ImmutableList.toImmutableList()'
at org.openqa.selenium.chrome.ChromeOptions.asMap(ChromeOptions.java:292)
at org.openqa.selenium.remote.NewSessionPayload.create(NewSessionPayload.java:94)
at org.openqa.selenium.remote.ProtocolHandshake.createSession(ProtocolHandshake.java:68)
at org.openqa.selenium.remote.HttpCommandExecutor.execute(HttpCommandExecutor.java:136)
at org.openqa.selenium.remote.service.DriverCommandExecutor.execute(DriverCommandExecutor.java:83)
at org.openqa.selenium.remote.RemoteWebDriver.execute(RemoteWebDriver.java:552)
at org.openqa.selenium.remote.RemoteWebDriver.startSession(RemoteWebDriver.java:213)
at org.openqa.selenium.remote.RemoteWebDriver.<init>(RemoteWebDriver.java:131)
at org.openqa.selenium.chrome.ChromeDriver.<init>(ChromeDriver.java:181)
at org.openqa.selenium.chrome.ChromeDriver.<init>(ChromeDriver.java:168)
at org.openqa.selenium.chrome.ChromeDriver.<init>(ChromeDriver.java:123)
at Bagisto.MarahAdmin.App.webDriver(App.java:31)
at java.base/jdk.internal.reflect.NativeMethodAccessorImpl.invoke0(Native Method)
at java.base/jdk.internal.reflect.NativeMethodAccessorImpl.invoke(NativeMethodAccessorImpl.java:78)
at java.base/jdk.internal.reflect.DelegatingMethodAccessorImpl.invoke(DelegatingMethodAccessorImpl.java:43)
at java.base/java.lang.reflect.Method.invoke(Method.java:567)
at org.testng.internal.MethodInvocationHelper.invokeMethod(MethodInvocationHelper.java:133)
at org.testng.internal.MethodInvocationHelper.invokeMethodConsideringTimeout(MethodInvocationHelper.java:62)
at org.testng.internal.ConfigInvoker.invokeConfigurationMethod(ConfigInvoker.java:385)
at org.testng.internal.ConfigInvoker.invokeConfigurations(ConfigInvoker.java:321)
at org.testng.internal.TestMethodWorker.invokeBeforeClassMethods(TestMethodWorker.java:176)
at org.testng.internal.TestMethodWorker.run(TestMethodWorker.java:122)
at java.base/java.util.ArrayList.forEach(ArrayList.java:1511)
at org.testng.TestRunner.privateRun(TestRunner.java:794)
at org.testng.TestRunner.run(TestRunner.java:596)
at org.testng.SuiteRunner.runTest(SuiteRunner.java:377)
at org.testng.SuiteRunner.runSequentially(SuiteRunner.java:371)
at org.testng.SuiteRunner.privateRun(SuiteRunner.java:332)
at org.testng.SuiteRunner.run(SuiteRunner.java:276)
at org.testng.SuiteRunnerWorker.runSuite(SuiteRunnerWorker.java:53)
at org.testng.SuiteRunnerWorker.run(SuiteRunnerWorker.java:96)
at org.testng.TestNG.runSuitesSequentially(TestNG.java:1212)
at org.testng.TestNG.runSuitesLocally(TestNG.java:1134)
at org.testng.TestNG.runSuites(TestNG.java:1063)
at org.testng.TestNG.run(TestNG.java:1031)
at org.testng.remote.AbstractRemoteTestNG.run(AbstractRemoteTestNG.java:115)
at org.testng.remote.RemoteTestNG.initAndRun(RemoteTestNG.java:251)
at org.testng.remote.RemoteTestNG.main(RemoteTestNG.java:77)
]]>
    </error>
  </testcase> <!-- webDriver -->
  <system-out/>
  <testcase classname="Marah.Admin.TestCases.UsersTest" name="go_to_Users_page" time="0.000">
    <skipped/>
  </testcase> <!-- go_to_Users_page -->
  <system-out/>
  <testcase classname="Marah.Admin.TestCases.UsersTest" name="add_user_with_empty" time="0.000">
    <skipped/>
  </testcase> <!-- add_user_with_empty -->
  <system-out/>
  <testcase classname="Marah.Admin.TestCases.UsersTest" name="add_user_admin" time="0.000">
    <skipped/>
  </testcase> <!-- add_user_admin -->
  <system-out/>
  <testcase classname="Marah.Admin.TestCases.UsersTest" name="add_user_center_admin" time="0.000">
    <skipped/>
  </testcase> <!-- add_user_center_admin -->
  <system-out/>
  <testcase classname="Marah.Admin.TestCases.UsersTest" name="add_user_technical_support" time="0.000">
    <skipped/>
  </testcase> <!-- add_user_technical_support -->
  <system-out/>
  <testcase classname="Marah.Admin.TestCases.UsersTest" name="delete_user" time="0.000">
    <skipped/>
  </testcase> <!-- delete_user -->
  <system-out/>
  <testcase classname="Marah.Admin.TestCases.UsersTest" name="edit_user" time="0.000">
    <skipped/>
  </testcase> <!-- edit_user -->
  <system-out/>
  <testcase classname="Marah.Admin.TestCases.UsersTest" name="add_user_admin_by_registered_emai_phone" time="0.000">
    <skipped/>
  </testcase> <!-- add_user_admin_by_registered_emai_phone -->
  <system-out/>
</testsuite> <!-- Marah.Admin.TestCases.UsersTest -->
