<?xml version="1.0" encoding="UTF-8"?>
<!-- Generated by org.testng.reporters.JUnitReportReporter -->
<testsuite hostname="DESKTOP-6D8D7QH" failures="0" tests="5" name="Marah.Admin.TestCases.ServicesTypesTest" time="0.000" errors="0" timestamp="2021-07-24T01:13:12 EET" skipped="5">
  <testcase classname="Marah.Admin.TestCases.ServicesTypesTest" name="go_to_services_Types_page" time="0.000">
    <skipped/>
  </testcase> <!-- go_to_services_Types_page -->
  <system-out/>
  <testcase classname="Marah.Admin.TestCases.ServicesTypesTest" name="add_services_types" time="0.000">
    <skipped/>
  </testcase> <!-- add_services_types -->
  <system-out/>
  <testcase classname="Marah.Admin.TestCases.ServicesTypesTest" name="delete_services_types" time="0.000">
    <skipped/>
  </testcase> <!-- delete_services_types -->
  <system-out/>
  <testcase classname="Marah.Admin.TestCases.ServicesTypesTest" name="add_empty_field" time="0.000">
    <skipped/>
  </testcase> <!-- add_empty_field -->
  <system-out/>
  <testcase classname="Marah.Admin.TestCases.ServicesTypesTest" name="edit_services_types" time="0.000">
    <skipped/>
  </testcase> <!-- edit_services_types -->
  <system-out/>
</testsuite> <!-- Marah.Admin.TestCases.ServicesTypesTest -->
