<?xml version="1.0" encoding="UTF-8"?>
<!-- Generated by org.testng.reporters.JUnitReportReporter -->
<testsuite hostname="DESKTOP-6D8D7QH" failures="0" tests="7" name="Marah.Admin.TestCases.EventsPageTest" time="0.000" errors="0" timestamp="2021-07-24T01:13:12 EET" skipped="7">
  <testcase classname="Marah.Admin.TestCases.EventsPageTest" name="go_to_Events_page" time="0.000">
    <skipped/>
  </testcase> <!-- go_to_Events_page -->
  <system-out/>
  <testcase classname="Marah.Admin.TestCases.EventsPageTest" name="add_event_with_empty" time="0.000">
    <skipped/>
  </testcase> <!-- add_event_with_empty -->
  <system-out/>
  <testcase classname="Marah.Admin.TestCases.EventsPageTest" name="add_eventwith_name_only" time="0.000">
    <skipped/>
  </testcase> <!-- add_eventwith_name_only -->
  <system-out/>
  <testcase classname="Marah.Admin.TestCases.EventsPageTest" name="add_event_with_invalid_date" time="0.000">
    <skipped/>
  </testcase> <!-- add_event_with_invalid_date -->
  <system-out/>
  <testcase classname="Marah.Admin.TestCases.EventsPageTest" name="add_event_special_show" time="0.000">
    <skipped/>
  </testcase> <!-- add_event_special_show -->
  <system-out/>
  <testcase classname="Marah.Admin.TestCases.EventsPageTest" name="add_event_special_price" time="0.000">
    <skipped/>
  </testcase> <!-- add_event_special_price -->
  <system-out/>
  <testcase classname="Marah.Admin.TestCases.EventsPageTest" name="delete_event" time="0.000">
    <skipped/>
  </testcase> <!-- delete_event -->
  <system-out/>
</testsuite> <!-- Marah.Admin.TestCases.EventsPageTest -->
