<?xml version="1.0" encoding="UTF-8"?>
<!-- Generated by org.testng.reporters.JUnitReportReporter -->
<testsuite hostname="DESKTOP-6D8D7QH" failures="0" tests="7" name="Marah.Admin.TestCases.CenterPageTest" time="50.408" errors="0" timestamp="2021-07-28T02:01:58 EET" skipped="0">
  <testcase classname="Marah.Admin.TestCases.CenterPageTest" name="go_to_Center_page" time="1.543"/>
  <system-out/>
  <testcase classname="Marah.Admin.TestCases.CenterPageTest" name="add_center" time="23.915"/>
  <system-out/>
  <testcase classname="Marah.Admin.TestCases.CenterPageTest" name="delete_center" time="6.741"/>
  <system-out/>
  <testcase classname="Marah.Admin.TestCases.CenterPageTest" name="edit_center" time="6.554"/>
  <system-out/>
  <testcase classname="Marah.Admin.TestCases.CenterPageTest" name="add_center_with_empty" time="3.944"/>
  <system-out/>
  <testcase classname="Marah.Admin.TestCases.CenterPageTest" name="disable_center" time="3.861"/>
  <system-out/>
  <testcase classname="Marah.Admin.TestCases.CenterPageTest" name="disable_reservation_center" time="3.850"/>
  <system-out/>
</testsuite> <!-- Marah.Admin.TestCases.CenterPageTest -->
