<?xml version="1.0" encoding="UTF-8"?>
<!-- Generated by org.testng.reporters.JUnitReportReporter -->
<testsuite hostname="DESKTOP-6D8D7QH" failures="0" tests="5" name="Marah.Admin.TestCases.ComplainPageTest" time="23.828" errors="0" timestamp="2021-07-28T02:01:58 EET" skipped="0">
  <testcase classname="Marah.Admin.TestCases.ComplainPageTest" name="go_to_Complain_page" time="0.808"/>
  <system-out/>
  <testcase classname="Marah.Admin.TestCases.ComplainPageTest" name="add_Complain" time="4.899"/>
  <system-out/>
  <testcase classname="Marah.Admin.TestCases.ComplainPageTest" name="edit_Complain" time="9.857"/>
  <system-out/>
  <testcase classname="Marah.Admin.TestCases.ComplainPageTest" name="delete_Complain" time="5.656"/>
  <system-out/>
  <testcase classname="Marah.Admin.TestCases.ComplainPageTest" name="add_suggetion_without_name" time="2.608"/>
  <system-out/>
</testsuite> <!-- Marah.Admin.TestCases.ComplainPageTest -->
