<?xml version="1.0" encoding="UTF-8"?>
<!-- Generated by org.testng.reporters.JUnitReportReporter -->
<testsuite hostname="DESKTOP-6D8D7QH" failures="0" tests="5" name="Marah.Admin.TestCases.SuggestionPageTest" time="25.028" errors="0" timestamp="2021-07-28T02:01:58 EET" skipped="0">
  <testcase classname="Marah.Admin.TestCases.SuggestionPageTest" name="go_to_Suggestion_page" time="1.085"/>
  <system-out/>
  <testcase classname="Marah.Admin.TestCases.SuggestionPageTest" name="add_suggestion" time="4.701"/>
  <system-out/>
  <testcase classname="Marah.Admin.TestCases.SuggestionPageTest" name="edit_suggestion" time="8.723"/>
  <system-out/>
  <testcase classname="Marah.Admin.TestCases.SuggestionPageTest" name="delete_suggestion" time="6.756"/>
  <system-out/>
  <testcase classname="Marah.Admin.TestCases.SuggestionPageTest" name="add_suggetion_without_name" time="3.763"/>
  <system-out/>
</testsuite> <!-- Marah.Admin.TestCases.SuggestionPageTest -->
