<?xml version="1.0" encoding="UTF-8"?>
<!-- Generated by org.testng.reporters.JUnitReportReporter -->
<testsuite hostname="DESKTOP-6D8D7QH" failures="0" tests="6" name="Marah.Admin.TestCases.CustomerPageTest" time="23.727" errors="0" timestamp="2021-07-28T02:01:58 EET" skipped="0">
  <testcase classname="Marah.Admin.TestCases.CustomerPageTest" name="go_to_Customer_page" time="1.045"/>
  <system-out/>
  <testcase classname="Marah.Admin.TestCases.CustomerPageTest" name="add_Customer" time="4.401"/>
  <system-out/>
  <testcase classname="Marah.Admin.TestCases.CustomerPageTest" name="add_user_admin_by_registered_phone" time="4.324"/>
  <system-out/>
  <testcase classname="Marah.Admin.TestCases.CustomerPageTest" name="edit_Customer" time="6.318"/>
  <system-out/>
  <testcase classname="Marah.Admin.TestCases.CustomerPageTest" name="delete_Customer" time="5.492"/>
  <system-out/>
  <testcase classname="Marah.Admin.TestCases.CustomerPageTest" name="add_Customer_without_name" time="2.147"/>
  <system-out/>
</testsuite> <!-- Marah.Admin.TestCases.CustomerPageTest -->
