<?xml version="1.0" encoding="UTF-8"?>
<!-- Generated by org.testng.reporters.JUnitReportReporter -->
<testsuite hostname="DESKTOP-6D8D7QH" failures="0" tests="3" name="Marah.Admin.TestCases.LoginPageTest" time="11.456" errors="0" timestamp="2021-07-28T02:01:58 EET" skipped="0">
  <testcase classname="Marah.Admin.TestCases.LoginPageTest" name="login_with_empty_data" time="3.758"/>
  <system-out/>
  <testcase classname="Marah.Admin.TestCases.LoginPageTest" name="login_with_invalid_credentials" time="2.206"/>
  <system-out/>
  <testcase classname="Marah.Admin.TestCases.LoginPageTest" name="login_with_valid_credentials" time="5.492"/>
  <system-out/>
</testsuite> <!-- Marah.Admin.TestCases.LoginPageTest -->
