<?xml version="1.0" encoding="UTF-8"?>
<!-- Generated by org.testng.reporters.JUnitReportReporter -->
<testsuite hostname="DESKTOP-6D8D7QH" failures="0" tests="5" name="Marah.Admin.TestCases.ServicesTypesTest" time="12.339" errors="0" timestamp="2021-07-28T02:01:58 EET" skipped="0">
  <testcase classname="Marah.Admin.TestCases.ServicesTypesTest" name="go_to_services_Types_page" time="0.715"/>
  <system-out/>
  <testcase classname="Marah.Admin.TestCases.ServicesTypesTest" name="add_services_types" time="2.642"/>
  <system-out/>
  <testcase classname="Marah.Admin.TestCases.ServicesTypesTest" name="delete_services_types" time="3.838"/>
  <system-out/>
  <testcase classname="Marah.Admin.TestCases.ServicesTypesTest" name="add_empty_field" time="1.157"/>
  <system-out/>
  <testcase classname="Marah.Admin.TestCases.ServicesTypesTest" name="edit_services_types" time="3.987"/>
  <system-out/>
</testsuite> <!-- Marah.Admin.TestCases.ServicesTypesTest -->
